2025-06-13 23:33:23 INFO: Incoming request | #18 | resource: /calculator/stack/size | HTTP Verb GET | request #18
2025-06-13 23:33:23 DEBUG: request #18 duration: 3ms | request #18
2025-06-13 23:33:23 INFO: Incoming request | #19 | resource: /calculator/stack/arguments | HTTP Verb PUT | request #19
2025-06-13 23:33:23 DEBUG: request #19 duration: 1ms | request #19
2025-06-13 23:33:23 INFO: Incoming request | #20 | resource: /calculator/independent/calculate | HTTP Verb POST | request #20
2025-06-13 23:33:23 DEBUG: request #20 duration: 1ms | request #20
2025-06-13 23:33:23 INFO: Incoming request | #21 | resource: /calculator/stack/size | HTTP Verb GET | request #21
2025-06-13 23:33:23 DEBUG: request #21 duration: 1ms | request #21
2025-06-13 23:33:23 INFO: Incoming request | #22 | resource: /logs/level?logger-name=stack-logger&logger-level=DEBUG | HTTP Verb PUT | request #22
2025-06-13 23:33:23 DEBUG: request #22 duration: 2ms | request #22
2025-06-13 23:33:23 INFO: Incoming request | #23 | resource: /calculator/stack/size | HTTP Verb GET | request #23
2025-06-13 23:33:23 DEBUG: request #23 duration: 1ms | request #23
2025-06-13 23:33:23 INFO: Incoming request | #24 | resource: /calculator/stack/operate?operation=fact | HTTP Verb GET | request #24
2025-06-13 23:33:23 DEBUG: request #24 duration: 1ms | request #24
2025-06-13 23:33:23 INFO: Incoming request | #25 | resource: /calculator/stack/operate?operation=minus | HTTP Verb GET | request #25
2025-06-13 23:33:23 DEBUG: request #25 duration: 9ms | request #25
2025-06-13 23:33:23 INFO: Incoming request | #26 | resource: /calculator/stack/arguments | HTTP Verb PUT | request #26
2025-06-13 23:33:23 DEBUG: request #26 duration: 15ms | request #26
2025-06-13 23:33:23 INFO: Incoming request | #27 | resource: /calculator/stack/operate?operation=minus | HTTP Verb GET | request #27
2025-06-13 23:33:24 DEBUG: request #27 duration: 21ms | request #27
2025-06-13 23:33:24 INFO: Incoming request | #28 | resource: /logs/level?logger-name=request-logger&logger-level=DEBUG | HTTP Verb PUT | request #28
2025-06-13 23:33:24 DEBUG: request #28 duration: 12ms | request #28
2025-06-13 23:33:24 INFO: Incoming request | #29 | resource: /calculator/stack/arguments | HTTP Verb PUT | request #29
2025-06-13 23:33:24 DEBUG: request #29 duration: 7ms | request #29
2025-06-13 23:33:24 INFO: Incoming request | #30 | resource: /calculator/history | HTTP Verb GET | request #30
2025-06-13 23:33:24 DEBUG: request #30 duration: 20ms | request #30
2025-06-13 23:33:24 INFO: Incoming request | #31 | resource: /calculator/stack/operate?operation=abs | HTTP Verb GET | request #31
2025-06-13 23:33:24 DEBUG: request #31 duration: 1ms | request #31
2025-06-13 23:33:24 INFO: Incoming request | #32 | resource: /calculator/stack/arguments?count=1 | HTTP Verb DELETE | request #32
2025-06-13 23:33:24 DEBUG: request #32 duration: 1ms | request #32
2025-06-13 23:33:24 INFO: Incoming request | #33 | resource: /calculator/stack/size | HTTP Verb GET | request #33
2025-06-13 23:33:24 DEBUG: request #33 duration: 2ms | request #33
2025-06-13 23:33:24 INFO: Incoming request | #34 | resource: /calculator/history?flavor=STACK | HTTP Verb GET | request #34
2025-06-13 23:33:24 DEBUG: request #34 duration: 1ms | request #34
